#
# A fatal error has been detected by the Java Runtime Environment:
#
#  SIGBUS (0xa) at pc=0x000000010b98aeb9, pid=779, tid=3847
#
# JRE version: Java(TM) SE Runtime Environment (8.0_31-b13) (build 1.8.0_31-b13)
# Java VM: Java HotSpot(TM) 64-Bit Server VM (25.31-b07 mixed mode bsd-amd64 compressed oops)
# Problematic frame:
# C  [libzip.dylib+0x2eb9]  newEntry+0x154
#
# Failed to write core dump. Core dumps have been disabled. To enable core dumping, try "ulimit -c unlimited" before starting Java again
#
# If you would like to submit a bug report, please visit:
#   http://bugreport.java.com/bugreport/crash.jsp
# The crash happened outside the Java Virtual Machine in native code.
# See problematic frame for where to report the bug.
#

---------------  T H R E A D  ---------------

Current thread (0x00007fe464008800):  JavaThread "main" [_thread_in_native, id=3847, stack(0x000000010b83a000,0x000000010b93a000)]

siginfo: si_signo: 10 (SIGBUS), si_code: 2 (BUS_ADRERR), si_addr: 0x0000000122afa3e8

Registers:
RAX=0x00007fe463d25400, RBX=0x0000000122afa3dc, RCX=0x00000000ffffff01, RDX=0x0000000000000008
RSP=0x000000010b938f20, RBP=0x000000010b938f80, RSI=0x0000000000000048, RDI=0x000000010b711800
R8 =0x0000000000000001, R9 =0x0000000000000001, R10=0x000000010d250bd8, R11=0xfffffff959c46326
R12=0x0000000122b4e000, R13=0x000000000001fee0, R14=0x0000000012998d2f, R15=0x00007fe463c673b0
RIP=0x000000010b98aeb9, EFLAGS=0x0000000000010202, ERR=0x0000000000000004
  TRAPNO=0x000000000000000e

Top of Stack: (sp=0x000000010b938f20)
0x000000010b938f20:   00000007c0076fd8 00000000c006a2b8
0x000000010b938f30:   00000007c0091c10 0000000780000bb0
0x000000010b938f40:   000000010b938f60 00007fe463d25400
0x000000010b938f50:   00007fe463f3e0e0 00007fe463d25400
0x000000010b938f60:   0000000122b4e000 000000000001fee0
0x000000010b938f70:   0000000012998d2f 00007fe463c673b0
0x000000010b938f80:   000000010b938fe0 000000010b98b554
0x000000010b938f90:   000000010b93905d 000000010b93905c
0x000000010b938fa0:   0000005d00000000 0000005e00008800
0x000000010b938fb0:   000000010b938ffe 000000010b939448
0x000000010b938fc0:   000000000000005e 000000010b938ffe
0x000000010b938fd0:   00007fe463d25400 00007fe4640089e8
0x000000010b938fe0:   000000010b939430 000000010b98a34f
0x000000010b938ff0:   0000000781ce31c8 6373000700000000
0x000000010b939000:   6c6665722f616c61 2f6970612f746365
0x000000010b939010:   647261646e617453 656c62617466694c
0x000000010b939020:   61646e6174532473 7466696c6e556472
0x000000010b939030:   74736e49656c6261 6124247365636e61
0x000000010b939040:   75246e75666e6f6e 7075547466696c6e
0x000000010b939050:   632e31243631656c 000000007373616c
0x000000010b939060:   0000000781ce31c8 00000007b1b8de38
0x000000010b939070:   0000000000000011 00000007b1b85d68
0x000000010b939080:   00000007851d8220 000000010b939170
0x000000010b939090:   f05d518ff0148006 00000007804fbec0
0x000000010b9390a0:   00000007b1573198 000000c1000000c1
0x000000010b9390b0:   00000007000000c2 00000007b1575140
0x000000010b9390c0:   f0141dcdf0141dd2 00000007b157a3b0
0x000000010b9390d0:   00000007b1575a98 0000000000000000
0x000000010b9390e0:   0000000780a0ee90 0000000780a0ee68
0x000000010b9390f0:   00000007c0065e30 00000007c006a2b8
0x000000010b939100:   00000007b149bbb8 000000010d77882c
0x000000010b939110:   00000007b156e140 f62af47600000001 

Instructions: (pc=0x000000010b98aeb9)
0x000000010b98ae99:   49 8b 7f 38 e8 50 1b 00 00 4d 89 77 38 49 89 5f
0x000000010b98aea9:   40 4c 89 f0 48 85 c0 0f 84 11 05 00 00 48 89 c3
0x000000010b98aeb9:   0f b6 43 0c 0f b6 4b 0d 48 c1 e1 08 48 01 c1 0f
0x000000010b98aec9:   b6 43 0e 0f b6 53 0f 48 c1 e2 08 48 01 c2 48 c1 

Register to memory mapping:

RAX=0x00007fe463d25400 is an unknown value
RBX=0x0000000122afa3dc is an unknown value
RCX=0x00000000ffffff01 is an unknown value
RDX=0x0000000000000008 is an unknown value
RSP=0x000000010b938f20 is pointing into the stack for thread: 0x00007fe464008800
RBP=0x000000010b938f80 is pointing into the stack for thread: 0x00007fe464008800
RSI=0x0000000000000048 is an unknown value
RDI=0x000000010b711800 is an unknown value
R8 =0x0000000000000001 is an unknown value
R9 =0x0000000000000001 is an unknown value
R10=0x000000010d250bd8 is at entry_point+88 in (nmethod*)0x000000010d250a10
R11=0xfffffff959c46326 is an unknown value
R12=0x0000000122b4e000 is an unknown value
R13=0x000000000001fee0 is an unknown value
R14=0x0000000012998d2f is an unknown value
R15=0x00007fe463c673b0 is an unknown value


Stack: [0x000000010b83a000,0x000000010b93a000],  sp=0x000000010b938f20,  free space=1019k
Native frames: (J=compiled Java code, j=interpreted, Vv=VM code, C=native code)
C  [libzip.dylib+0x2eb9]  newEntry+0x154
C  [libzip.dylib+0x3554]  ZIP_GetEntry2+0xd4
C  [libzip.dylib+0x234f]  Java_java_util_zip_ZipFile_getEntry+0xcf
J 82  java.util.zip.ZipFile.getEntry(J[BZ)J (0 bytes) @ 0x000000010d250c4e [0x000000010d250b80+0xce]
J 2498 C2 java.util.zip.ZipFile.getInputStream(Ljava/util/zip/ZipEntry;)Ljava/io/InputStream; (304 bytes) @ 0x000000010dd5ab94 [0x000000010dd5a840+0x354]

Java frames: (J=compiled Java code, j=interpreted, Vv=VM code)
J 82  java.util.zip.ZipFile.getEntry(J[BZ)J (0 bytes) @ 0x000000010d250bd8 [0x000000010d250b80+0x58]
J 2498 C2 java.util.zip.ZipFile.getInputStream(Ljava/util/zip/ZipEntry;)Ljava/io/InputStream; (304 bytes) @ 0x000000010dd5ab94 [0x000000010dd5a840+0x354]
j  com.android.dx.cf.direct.ClassPathOpener.processArchive(Ljava/io/File;)Z+132
j  com.android.dx.cf.direct.ClassPathOpener.processOne(Ljava/io/File;Z)Z+48
j  com.android.dx.cf.direct.ClassPathOpener.process()Z+15
j  com.android.dx.command.dexer.Main.processOne(Ljava/lang/String;Lcom/android/dx/cf/direct/ClassPathOpener$FileNameFilter;)V+58
j  com.android.dx.command.dexer.Main.processAllFiles()Z+202
j  com.android.dx.command.dexer.Main.runMonoDex()I+58
j  com.android.dx.command.dexer.Main.run(Lcom/android/dx/command/dexer/Main$Arguments;)I+76
j  com.android.dx.command.dexer.Main.main([Ljava/lang/String;)V+14
j  com.android.dx.command.Main.main([Ljava/lang/String;)V+61
v  ~StubRoutines::call_stub

---------------  P R O C E S S  ---------------

Java Threads: ( => current thread )
  0x00007fe464830800 JavaThread "Service Thread" daemon [_thread_blocked, id=18179, stack(0x00000001227e8000,0x00000001228e8000)]
  0x00007fe46581c000 JavaThread "C1 CompilerThread2" daemon [_thread_blocked, id=17667, stack(0x00000001226e5000,0x00000001227e5000)]
  0x00007fe46482f800 JavaThread "C2 CompilerThread1" daemon [_thread_blocked, id=17155, stack(0x00000001225e2000,0x00000001226e2000)]
  0x00007fe465005800 JavaThread "C2 CompilerThread0" daemon [_thread_blocked, id=16643, stack(0x00000001224df000,0x00000001225df000)]
  0x00007fe46482d000 JavaThread "Signal Dispatcher" daemon [_thread_blocked, id=13579, stack(0x00000001223dc000,0x00000001224dc000)]
  0x00007fe464028800 JavaThread "Finalizer" daemon [_thread_blocked, id=11523, stack(0x0000000120a92000,0x0000000120b92000)]
  0x00007fe464028000 JavaThread "Reference Handler" daemon [_thread_blocked, id=11011, stack(0x000000012098f000,0x0000000120a8f000)]
=>0x00007fe464008800 JavaThread "main" [_thread_in_native, id=3847, stack(0x000000010b83a000,0x000000010b93a000)]

Other Threads:
  0x00007fe464826800 VMThread [stack: 0x000000012088c000,0x000000012098c000] [id=10499]
  0x00007fe46581a800 WatcherThread [stack: 0x00000001228eb000,0x00000001229eb000] [id=18691]

VM state:not at safepoint (normal execution)

VM Mutex/Monitor currently owned by a thread: None

Heap:
 PSYoungGen      total 232960K, used 116736K [0x00000007aab00000, 0x00000007c0000000, 0x00000007c0000000)
  eden space 116736K, 100% used [0x00000007aab00000,0x00000007b1d00000,0x00000007b1d00000)
  from space 116224K, 0% used [0x00000007b8e80000,0x00000007b8e80000,0x00000007c0000000)
  to   space 116224K, 0% used [0x00000007b1d00000,0x00000007b1d00000,0x00000007b8e80000)
 ParOldGen       total 699392K, used 699082K [0x0000000780000000, 0x00000007aab00000, 0x00000007aab00000)
  object space 699392K, 99% used [0x0000000780000000,0x00000007aaab2ad8,0x00000007aab00000)
 Metaspace       used 6116K, capacity 7152K, committed 7296K, reserved 1056768K
  class space    used 574K, capacity 616K, committed 640K, reserved 1048576K

Card table byte_map: [0x000000011c4df000,0x000000011c6e0000] byte_map_base: 0x00000001188df000

Marking Bits: (ParMarkBitMap*) 0x000000010ca9e410
 Begin Bits: [0x000000011cc42000, 0x000000011dc42000)
 End Bits:   [0x000000011dc42000, 0x000000011ec42000)

Polling page: 0x000000010b97e000

CodeCache: size=245760Kb used=10231Kb max_used=12632Kb free=235528Kb
 bounds [0x000000010d11f000, 0x000000010dd8f000, 0x000000011c11f000]
 total_blobs=2424 nmethods=2165 adapters=174
 compilation: enabled

Compilation events (10 events):
Event: 51.328 Thread 0x00007fe465005800 2653       4       com.android.dx.dex.file.ClassDefItem::addInstanceField (9 bytes)
Event: 51.334 Thread 0x00007fe465005800 nmethod 2653 0x000000010d413dd0 code [0x000000010d413f40, 0x000000010d414308]
Event: 56.863 Thread 0x00007fe46581c000 2654       3       java.lang.Class::getGenericInfo (52 bytes)
Event: 56.864 Thread 0x00007fe46581c000 nmethod 2654 0x000000010d26aa10 code [0x000000010d26ac60, 0x000000010d26b948]
Event: 56.865 Thread 0x00007fe46581c000 2655       3       sun.reflect.generics.repository.ClassRepository::getSuperInterfaces (78 bytes)
Event: 56.866 Thread 0x00007fe46581c000 nmethod 2655 0x000000010d2706d0 code [0x000000010d2708e0, 0x000000010d2714b8]
Event: 61.283 Thread 0x00007fe46482f800 2656       4       com.android.dx.rop.annotation.Annotations::addAll (59 bytes)
Event: 61.305 Thread 0x00007fe46482f800 nmethod 2656 0x000000010d240e90 code [0x000000010d241080, 0x000000010d2419c8]
Event: 88.528 Thread 0x00007fe465005800 2657       4       java.util.BitSet::set (18 bytes)
Event: 90.776 Thread 0x00007fe465005800 nmethod 2657 0x000000010d33aed0 code [0x000000010d33b020, 0x000000010d33b168]

GC Heap History (10 events):
Event: 78.603 GC heap before
{Heap before GC invocations=54 (full 20):
 PSYoungGen      total 232960K, used 116736K [0x00000007aab00000, 0x00000007c0000000, 0x00000007c0000000)
  eden space 116736K, 100% used [0x00000007aab00000,0x00000007b1d00000,0x00000007b1d00000)
  from space 116224K, 0% used [0x00000007b8e80000,0x00000007b8e80000,0x00000007c0000000)
  to   space 116224K, 0% used [0x00000007b1d00000,0x00000007b1d00000,0x00000007b8e80000)
 ParOldGen       total 699392K, used 699082K [0x0000000780000000, 0x00000007aab00000, 0x00000007aab00000)
  object space 699392K, 99% used [0x0000000780000000,0x00000007aaab2ad8,0x00000007aab00000)
 Metaspace       used 6116K, capacity 7152K, committed 7296K, reserved 1056768K
  class space    used 574K, capacity 616K, committed 640K, reserved 1048576K
Event: 82.523 GC heap after
Heap after GC invocations=54 (full 20):
 PSYoungGen      total 232960K, used 104206K [0x00000007aab00000, 0x00000007c0000000, 0x00000007c0000000)
  eden space 116736K, 89% used [0x00000007aab00000,0x00000007b10c3a18,0x00000007b1d00000)
  from space 116224K, 0% used [0x00000007b8e80000,0x00000007b8e80000,0x00000007c0000000)
  to   space 116224K, 0% used [0x00000007b1d00000,0x00000007b1d00000,0x00000007b8e80000)
 ParOldGen       total 699392K, used 699082K [0x0000000780000000, 0x00000007aab00000, 0x00000007aab00000)
  object space 699392K, 99% used [0x0000000780000000,0x00000007aaab2ad8,0x00000007aab00000)
 Metaspace       used 6116K, capacity 7152K, committed 7296K, reserved 1056768K
  class space    used 574K, capacity 616K, committed 640K, reserved 1048576K
}
Event: 82.571 GC heap before
{Heap before GC invocations=55 (full 21):
 PSYoungGen      total 232960K, used 116736K [0x00000007aab00000, 0x00000007c0000000, 0x00000007c0000000)
  eden space 116736K, 100% used [0x00000007aab00000,0x00000007b1d00000,0x00000007b1d00000)
  from space 116224K, 0% used [0x00000007b8e80000,0x00000007b8e80000,0x00000007c0000000)
  to   space 116224K, 0% used [0x00000007b1d00000,0x00000007b1d00000,0x00000007b8e80000)
 ParOldGen       total 699392K, used 699082K [0x0000000780000000, 0x00000007aab00000, 0x00000007aab00000)
  object space 699392K, 99% used [0x0000000780000000,0x00000007aaab2ad8,0x00000007aab00000)
 Metaspace       used 6116K, capacity 7152K, committed 7296K, reserved 1056768K
  class space    used 574K, capacity 616K, committed 640K, reserved 1048576K
Event: 85.685 GC heap after
Heap after GC invocations=55 (full 21):
 PSYoungGen      total 232960K, used 106215K [0x00000007aab00000, 0x00000007c0000000, 0x00000007c0000000)
  eden space 116736K, 90% used [0x00000007aab00000,0x00000007b12b9e00,0x00000007b1d00000)
  from space 116224K, 0% used [0x00000007b8e80000,0x00000007b8e80000,0x00000007c0000000)
  to   space 116224K, 0% used [0x00000007b1d00000,0x00000007b1d00000,0x00000007b8e80000)
 ParOldGen       total 699392K, used 699082K [0x0000000780000000, 0x00000007aab00000, 0x00000007aab00000)
  object space 699392K, 99% used [0x0000000780000000,0x00000007aaab2ad8,0x00000007aab00000)
 Metaspace       used 6116K, capacity 7152K, committed 7296K, reserved 1056768K
  class space    used 574K, capacity 616K, committed 640K, reserved 1048576K
}
Event: 85.715 GC heap before
{Heap before GC invocations=56 (full 22):
 PSYoungGen      total 232960K, used 116736K [0x00000007aab00000, 0x00000007c0000000, 0x00000007c0000000)
  eden space 116736K, 100% used [0x00000007aab00000,0x00000007b1d00000,0x00000007b1d00000)
  from space 116224K, 0% used [0x00000007b8e80000,0x00000007b8e80000,0x00000007c0000000)
  to   space 116224K, 0% used [0x00000007b1d00000,0x00000007b1d00000,0x00000007b8e80000)
 ParOldGen       total 699392K, used 699082K [0x0000000780000000, 0x00000007aab00000, 0x00000007aab00000)
  object space 699392K, 99% used [0x0000000780000000,0x00000007aaab2ad8,0x00000007aab00000)
 Metaspace       used 6116K, capacity 7152K, committed 7296K, reserved 1056768K
  class space    used 574K, capacity 616K, committed 640K, reserved 1048576K
Event: 88.505 GC heap after
Heap after GC invocations=56 (full 22):
 PSYoungGen      total 232960K, used 107721K [0x00000007aab00000, 0x00000007c0000000, 0x00000007c0000000)
  eden space 116736K, 92% used [0x00000007aab00000,0x00000007b14324b0,0x00000007b1d00000)
  from space 116224K, 0% used [0x00000007b8e80000,0x00000007b8e80000,0x00000007c0000000)
  to   space 116224K, 0% used [0x00000007b1d00000,0x00000007b1d00000,0x00000007b8e80000)
 ParOldGen       total 699392K, used 699082K [0x0000000780000000, 0x00000007aab00000, 0x00000007aab00000)
  object space 699392K, 99% used [0x0000000780000000,0x00000007aaab2ad8,0x00000007aab00000)
 Metaspace       used 6116K, capacity 7152K, committed 7296K, reserved 1056768K
  class space    used 574K, capacity 616K, committed 640K, reserved 1048576K
}
Event: 88.529 GC heap before
{Heap before GC invocations=57 (full 23):
 PSYoungGen      total 232960K, used 116736K [0x00000007aab00000, 0x00000007c0000000, 0x00000007c0000000)
  eden space 116736K, 100% used [0x00000007aab00000,0x00000007b1d00000,0x00000007b1d00000)
  from space 116224K, 0% used [0x00000007b8e80000,0x00000007b8e80000,0x00000007c0000000)
  to   space 116224K, 0% used [0x00000007b1d00000,0x00000007b1d00000,0x00000007b8e80000)
 ParOldGen       total 699392K, used 699082K [0x0000000780000000, 0x00000007aab00000, 0x00000007aab00000)
  object space 699392K, 99% used [0x0000000780000000,0x00000007aaab2ad8,0x00000007aab00000)
 Metaspace       used 6116K, capacity 7152K, committed 7296K, reserved 1056768K
  class space    used 574K, capacity 616K, committed 640K, reserved 1048576K
Event: 90.775 GC heap after
Heap after GC invocations=57 (full 23):
 PSYoungGen      total 232960K, used 108941K [0x00000007aab00000, 0x00000007c0000000, 0x00000007c0000000)
  eden space 116736K, 93% used [0x00000007aab00000,0x00000007b1563720,0x00000007b1d00000)
  from space 116224K, 0% used [0x00000007b8e80000,0x00000007b8e80000,0x00000007c0000000)
  to   space 116224K, 0% used [0x00000007b1d00000,0x00000007b1d00000,0x00000007b8e80000)
 ParOldGen       total 699392K, used 699082K [0x0000000780000000, 0x00000007aab00000, 0x00000007aab00000)
  object space 699392K, 99% used [0x0000000780000000,0x00000007aaab2ad8,0x00000007aab00000)
 Metaspace       used 6116K, capacity 7152K, committed 7296K, reserved 1056768K
  class space    used 574K, capacity 616K, committed 640K, reserved 1048576K
}
Event: 90.789 GC heap before
{Heap before GC invocations=58 (full 24):
 PSYoungGen      total 232960K, used 116736K [0x00000007aab00000, 0x00000007c0000000, 0x00000007c0000000)
  eden space 116736K, 100% used [0x00000007aab00000,0x00000007b1d00000,0x00000007b1d00000)
  from space 116224K, 0% used [0x00000007b8e80000,0x00000007b8e80000,0x00000007c0000000)
  to   space 116224K, 0% used [0x00000007b1d00000,0x00000007b1d00000,0x00000007b8e80000)
 ParOldGen       total 699392K, used 699082K [0x0000000780000000, 0x00000007aab00000, 0x00000007aab00000)
  object space 699392K, 99% used [0x0000000780000000,0x00000007aaab2ad8,0x00000007aab00000)
 Metaspace       used 6116K, capacity 7152K, committed 7296K, reserved 1056768K
  class space    used 574K, capacity 616K, committed 640K, reserved 1048576K
Event: 92.757 GC heap after
Heap after GC invocations=58 (full 24):
 PSYoungGen      total 232960K, used 109901K [0x00000007aab00000, 0x00000007c0000000, 0x00000007c0000000)
  eden space 116736K, 94% used [0x00000007aab00000,0x00000007b1653700,0x00000007b1d00000)
  from space 116224K, 0% used [0x00000007b8e80000,0x00000007b8e80000,0x00000007c0000000)
  to   space 116224K, 0% used [0x00000007b1d00000,0x00000007b1d00000,0x00000007b8e80000)
 ParOldGen       total 699392K, used 699082K [0x0000000780000000, 0x00000007aab00000, 0x00000007aab00000)
  object space 699392K, 99% used [0x0000000780000000,0x00000007aaab2ad8,0x00000007aab00000)
 Metaspace       used 6116K, capacity 7152K, committed 7296K, reserved 1056768K
  class space    used 574K, capacity 616K, committed 640K, reserved 1048576K
}

Deoptimization events (10 events):
Event: 16.112 Thread 0x00007fe464008800 Uncommon trap: reason=bimorphic action=maybe_recompile pc=0x000000010db514b0 method=com.android.dx.cf.code.BytecodeArray.parseInstruction(ILcom/android/dx/cf/code/BytecodeArray$Visitor;)I @ 1161
Event: 16.112 Thread 0x00007fe464008800 Uncommon trap: reason=bimorphic action=maybe_recompile pc=0x000000010db514b0 method=com.android.dx.cf.code.BytecodeArray.parseInstruction(ILcom/android/dx/cf/code/BytecodeArray$Visitor;)I @ 1161
Event: 20.524 Thread 0x00007fe464008800 Uncommon trap: reason=unreached action=reinterpret pc=0x000000010dba2bfc method=com.android.dx.cf.direct.StdAttributeFactory.parse0(Lcom/android/dx/cf/direct/DirectClassFile;ILjava/lang/String;IILcom/android/dx/cf/iface/ParseObserver;)Lcom/android/dx/cf/i
Event: 20.525 Thread 0x00007fe464008800 Uncommon trap: reason=unreached action=reinterpret pc=0x000000010dca2740 method=com.android.dx.dex.file.ValueEncoder.addContents(Lcom/android/dx/dex/file/DexFile;Lcom/android/dx/rop/cst/Constant;)V @ 4
Event: 20.547 Thread 0x00007fe464008800 Uncommon trap: reason=class_check action=maybe_recompile pc=0x000000010d9bdbe8 method=com.android.dx.cf.code.Ropper.processBlock(Lcom/android/dx/cf/code/ByteBlock;Lcom/android/dx/cf/code/Frame;[I)V @ 711
Event: 20.601 Thread 0x00007fe464008800 Uncommon trap: reason=unloaded action=reinterpret pc=0x000000010da4c224 method=com.android.dx.ssa.SCCP.replaceBranches()V @ 110
Event: 20.863 Thread 0x00007fe464008800 Uncommon trap: reason=bimorphic action=maybe_recompile pc=0x000000010dd20468 method=com.android.dx.rop.code.Rops.opConst(Lcom/android/dx/rop/type/TypeBearer;)Lcom/android/dx/rop/code/Rop; @ 1
Event: 20.863 Thread 0x00007fe464008800 Uncommon trap: reason=bimorphic action=maybe_recompile pc=0x000000010dd20468 method=com.android.dx.rop.code.Rops.opConst(Lcom/android/dx/rop/type/TypeBearer;)Lcom/android/dx/rop/code/Rop; @ 1
Event: 21.083 Thread 0x00007fe464008800 Uncommon trap: reason=bimorphic action=maybe_recompile pc=0x000000010dd20468 method=com.android.dx.rop.code.Rops.opConst(Lcom/android/dx/rop/type/TypeBearer;)Lcom/android/dx/rop/code/Rop; @ 1
Event: 21.083 Thread 0x00007fe464008800 Uncommon trap: reason=bimorphic action=maybe_recompile pc=0x000000010dd20468 method=com.android.dx.rop.code.Rops.opConst(Lcom/android/dx/rop/type/TypeBearer;)Lcom/android/dx/rop/code/Rop; @ 1

Internal exceptions (10 events):
Event: 4.819 Thread 0x00007fe464008800 Implicit null exception at 0x000000010d483e32 to 0x000000010d48428d
Event: 5.628 Thread 0x00007fe464008800 Exception <a 'java/security/PrivilegedActionException'> (0x00000007ab0cdf50) thrown at [/Users/java_re/workspace/8-2-build-macosx-x86_64/jdk8u31/2394/hotspot/src/share/vm/prims/jvm.cpp, line 1312]
Event: 5.894 Thread 0x00007fe464008800 Exception <a 'java/security/PrivilegedActionException'> (0x00000007ad570f78) thrown at [/Users/java_re/workspace/8-2-build-macosx-x86_64/jdk8u31/2394/hotspot/src/share/vm/prims/jvm.cpp, line 1312]
Event: 6.458 Thread 0x00007fe464008800 Exception <a 'java/lang/ArrayIndexOutOfBoundsException': 18> (0x00000007b1c3f468) thrown at [/Users/java_re/workspace/8-2-build-macosx-x86_64/jdk8u31/2394/hotspot/src/share/vm/interpreter/interpreterRuntime.cpp, line 366]
Event: 6.458 Thread 0x00007fe464008800 Exception <a 'java/lang/ArrayIndexOutOfBoundsException': 145> (0x00000007b1c40f00) thrown at [/Users/java_re/workspace/8-2-build-macosx-x86_64/jdk8u31/2394/hotspot/src/share/vm/interpreter/interpreterRuntime.cpp, line 366]
Event: 6.459 Thread 0x00007fe464008800 Exception <a 'java/lang/ArrayIndexOutOfBoundsException'> (0x00000007b1c42118) thrown at [/Users/java_re/workspace/8-2-build-macosx-x86_64/jdk8u31/2394/hotspot/src/share/vm/runtime/sharedRuntime.cpp, line 604]
Event: 9.586 Thread 0x00007fe464008800 Exception <a 'java/security/PrivilegedActionException'> (0x00000007b6be05c8) thrown at [/Users/java_re/workspace/8-2-build-macosx-x86_64/jdk8u31/2394/hotspot/src/share/vm/prims/jvm.cpp, line 1312]
Event: 11.412 Thread 0x00007fe464008800 Exception <a 'java/security/PrivilegedActionException'> (0x00000007ad7bcfd8) thrown at [/Users/java_re/workspace/8-2-build-macosx-x86_64/jdk8u31/2394/hotspot/src/share/vm/prims/jvm.cpp, line 1312]
Event: 15.030 Thread 0x00007fe464008800 Implicit null exception at 0x000000010daec4d3 to 0x000000010daee431
Event: 20.525 Thread 0x00007fe464008800 Exception <a 'java/security/PrivilegedActionException'> (0x00000007aea140c0) thrown at [/Users/java_re/workspace/8-2-build-macosx-x86_64/jdk8u31/2394/hotspot/src/share/vm/prims/jvm.cpp, line 1312]

Events (10 events):
Event: 90.776 Thread 0x00007fe465005800 flushing nmethod 0x000000010d47f0d0
Event: 90.776 Thread 0x00007fe465005800 flushing nmethod 0x000000010d48ea50
Event: 90.776 Thread 0x00007fe465005800 flushing nmethod 0x000000010d491a50
Event: 90.776 Thread 0x00007fe465005800 flushing nmethod 0x000000010d4990d0
Event: 90.776 Thread 0x00007fe465005800 flushing nmethod 0x000000010d4cd450
Event: 90.776 Thread 0x00007fe465005800 flushing nmethod 0x000000010d4ce590
Event: 90.776 Thread 0x00007fe465005800 flushing nmethod 0x000000010d4ee6d0
Event: 90.776 Thread 0x00007fe465005800 flushing nmethod 0x000000010d50e790
Event: 90.789 Executing VM operation: ParallelGCFailedAllocation
Event: 92.757 Executing VM operation: ParallelGCFailedAllocation done


Dynamic libraries:
0x00000000012c7000 	/System/Library/Frameworks/Cocoa.framework/Versions/A/Cocoa
0x00000000012c7000 	/System/Library/Frameworks/Security.framework/Versions/A/Security
0x00000000012c7000 	/System/Library/Frameworks/ApplicationServices.framework/Versions/A/ApplicationServices
0x00000000012c7000 	/usr/lib/libz.1.dylib
0x00000000012c7000 	/usr/lib/libSystem.B.dylib
0x00000000012c7000 	/usr/lib/libobjc.A.dylib
0x00000000012c7000 	/System/Library/Frameworks/CoreFoundation.framework/Versions/A/CoreFoundation
0x00000000012c7000 	/System/Library/Frameworks/Foundation.framework/Versions/C/Foundation
0x00000000012c7000 	/System/Library/Frameworks/AppKit.framework/Versions/C/AppKit
0x00000000012c7000 	/System/Library/Frameworks/CoreData.framework/Versions/A/CoreData
0x00000000012c7000 	/System/Library/PrivateFrameworks/RemoteViewServices.framework/Versions/A/RemoteViewServices
0x00000000012c7000 	/System/Library/PrivateFrameworks/UIFoundation.framework/Versions/A/UIFoundation
0x00000000012c7000 	/System/Library/Frameworks/IOSurface.framework/Versions/A/IOSurface
0x00000000012c7000 	/System/Library/Frameworks/AudioToolbox.framework/Versions/A/AudioToolbox
0x00000000012c7000 	/System/Library/Frameworks/AudioUnit.framework/Versions/A/AudioUnit
0x00000000012c7000 	/System/Library/PrivateFrameworks/DataDetectorsCore.framework/Versions/A/DataDetectorsCore
0x00000000012c7000 	/System/Library/PrivateFrameworks/DesktopServicesPriv.framework/Versions/A/DesktopServicesPriv
0x00000000012c7000 	/System/Library/Frameworks/Carbon.framework/Versions/A/Frameworks/HIToolbox.framework/Versions/A/HIToolbox
0x00000000012c7000 	/System/Library/Frameworks/QuartzCore.framework/Versions/A/QuartzCore
0x00000000012c7000 	/System/Library/Frameworks/Carbon.framework/Versions/A/Frameworks/SpeechRecognition.framework/Versions/A/SpeechRecognition
0x00000000012c7000 	/usr/lib/libauto.dylib
0x00000000012c7000 	/usr/lib/libicucore.A.dylib
0x00000000012c7000 	/usr/lib/libxml2.2.dylib
0x00000000012c7000 	/System/Library/PrivateFrameworks/CoreUI.framework/Versions/A/CoreUI
0x00000000012c7000 	/System/Library/Frameworks/CoreAudio.framework/Versions/A/CoreAudio
0x00000000012c7000 	/System/Library/Frameworks/DiskArbitration.framework/Versions/A/DiskArbitration
0x00000000012c7000 	/usr/lib/liblangid.dylib
0x00000000012c7000 	/System/Library/PrivateFrameworks/MultitouchSupport.framework/Versions/A/MultitouchSupport
0x00000000012c7000 	/System/Library/Frameworks/IOKit.framework/Versions/A/IOKit
0x00000000012c7000 	/usr/lib/libDiagnosticMessagesClient.dylib
0x00000000012c7000 	/System/Library/Frameworks/CoreServices.framework/Versions/A/CoreServices
0x00000000012c7000 	/System/Library/PrivateFrameworks/PerformanceAnalysis.framework/Versions/A/PerformanceAnalysis
0x00000000012c7000 	/System/Library/PrivateFrameworks/GenerationalStorage.framework/Versions/A/GenerationalStorage
0x00000000012c7000 	/System/Library/Frameworks/OpenGL.framework/Versions/A/OpenGL
0x00000000012c7000 	/System/Library/PrivateFrameworks/Sharing.framework/Versions/A/Sharing
0x00000000012c7000 	/System/Library/Frameworks/CoreGraphics.framework/Versions/A/CoreGraphics
0x00000000012c7000 	/System/Library/Frameworks/CoreText.framework/Versions/A/CoreText
0x00000000012c7000 	/System/Library/Frameworks/ImageIO.framework/Versions/A/ImageIO
0x00000000012c7000 	/usr/lib/libextension.dylib
0x00000000012c7000 	/System/Library/PrivateFrameworks/Backup.framework/Versions/A/Backup
0x00000000012c7000 	/usr/lib/libarchive.2.dylib
0x00000000012c7000 	/System/Library/Frameworks/CFNetwork.framework/Versions/A/CFNetwork
0x00000000012c7000 	/System/Library/Frameworks/SystemConfiguration.framework/Versions/A/SystemConfiguration
0x00000000012c7000 	/usr/lib/libCRFSuite.dylib
0x00000000012c7000 	/usr/lib/libc++.1.dylib
0x00000000012c7000 	/usr/lib/libc++abi.dylib
0x00000000012c7000 	/usr/lib/system/libcache.dylib
0x00000000012c7000 	/usr/lib/system/libcommonCrypto.dylib
0x00000000012c7000 	/usr/lib/system/libcompiler_rt.dylib
0x00000000012c7000 	/usr/lib/system/libcopyfile.dylib
0x00000000012c7000 	/usr/lib/system/libcorecrypto.dylib
0x00000000012c7000 	/usr/lib/system/libdispatch.dylib
0x00000000012c7000 	/usr/lib/system/libdyld.dylib
0x00000000012c7000 	/usr/lib/system/libkeymgr.dylib
0x00000000012c7000 	/usr/lib/system/liblaunch.dylib
0x00000000012c7000 	/usr/lib/system/libmacho.dylib
0x00000000012c7000 	/usr/lib/system/libquarantine.dylib
0x00000000012c7000 	/usr/lib/system/libremovefile.dylib
0x00000000012c7000 	/usr/lib/system/libsystem_asl.dylib
0x00000000012c7000 	/usr/lib/system/libsystem_blocks.dylib
0x00000000012c7000 	/usr/lib/system/libsystem_c.dylib
0x00000000012c7000 	/usr/lib/system/libsystem_configuration.dylib
0x00000000012c7000 	/usr/lib/system/libsystem_coreservices.dylib
0x00000000012c7000 	/usr/lib/system/libsystem_coretls.dylib
0x00000000012c7000 	/usr/lib/system/libsystem_dnssd.dylib
0x00000000012c7000 	/usr/lib/system/libsystem_info.dylib
0x00000000012c7000 	/usr/lib/system/libsystem_kernel.dylib
0x00000000012c7000 	/usr/lib/system/libsystem_m.dylib
0x00000000012c7000 	/usr/lib/system/libsystem_malloc.dylib
0x00000000012c7000 	/usr/lib/system/libsystem_network.dylib
0x00000000012c7000 	/usr/lib/system/libsystem_networkextension.dylib
0x00000000012c7000 	/usr/lib/system/libsystem_notify.dylib
0x00000000012c7000 	/usr/lib/system/libsystem_platform.dylib
0x00000000012c7000 	/usr/lib/system/libsystem_pthread.dylib
0x00000000012c7000 	/usr/lib/system/libsystem_sandbox.dylib
0x00000000012c7000 	/usr/lib/system/libsystem_secinit.dylib
0x00000000012c7000 	/usr/lib/system/libsystem_stats.dylib
0x00000000012c7000 	/usr/lib/system/libsystem_trace.dylib
0x00000000012c7000 	/usr/lib/system/libunc.dylib
0x00000000012c7000 	/usr/lib/system/libunwind.dylib
0x00000000012c7000 	/usr/lib/system/libxpc.dylib
0x00000000012c7000 	/usr/lib/libbz2.1.0.dylib
0x00000000012c7000 	/usr/lib/liblzma.5.dylib
0x00000000012c7000 	/usr/lib/libbsm.0.dylib
0x00000000012c7000 	/usr/lib/libsqlite3.dylib
0x00000000012c7000 	/usr/lib/system/libkxld.dylib
0x00000000012c7000 	/usr/lib/libxar.1.dylib
0x00000000012c7000 	/usr/lib/libpam.2.dylib
0x00000000012c7000 	/usr/lib/libOpenScriptingUtil.dylib
0x00000000012c7000 	/System/Library/Frameworks/CoreServices.framework/Versions/A/Frameworks/FSEvents.framework/Versions/A/FSEvents
0x00000000012c7000 	/System/Library/Frameworks/CoreServices.framework/Versions/A/Frameworks/CarbonCore.framework/Versions/A/CarbonCore
0x00000000012c7000 	/System/Library/Frameworks/CoreServices.framework/Versions/A/Frameworks/Metadata.framework/Versions/A/Metadata
0x00000000012c7000 	/System/Library/Frameworks/CoreServices.framework/Versions/A/Frameworks/OSServices.framework/Versions/A/OSServices
0x00000000012c7000 	/System/Library/Frameworks/CoreServices.framework/Versions/A/Frameworks/SearchKit.framework/Versions/A/SearchKit
0x00000000012c7000 	/System/Library/Frameworks/CoreServices.framework/Versions/A/Frameworks/AE.framework/Versions/A/AE
0x00000000012c7000 	/System/Library/Frameworks/CoreServices.framework/Versions/A/Frameworks/LaunchServices.framework/Versions/A/LaunchServices
0x00000000012c7000 	/System/Library/Frameworks/CoreServices.framework/Versions/A/Frameworks/DictionaryServices.framework/Versions/A/DictionaryServices
0x00000000012c7000 	/System/Library/Frameworks/NetFS.framework/Versions/A/NetFS
0x00000000012c7000 	/System/Library/PrivateFrameworks/NetAuth.framework/Versions/A/NetAuth
0x00000000012c7000 	/System/Library/PrivateFrameworks/login.framework/Versions/A/Frameworks/loginsupport.framework/Versions/A/loginsupport
0x00000000012c7000 	/System/Library/PrivateFrameworks/TCC.framework/Versions/A/TCC
0x00000000012c7000 	/usr/lib/libmecabra.dylib
0x00000000012c7000 	/System/Library/Frameworks/ApplicationServices.framework/Versions/A/Frameworks/ATS.framework/Versions/A/ATS
0x00000000012c7000 	/System/Library/Frameworks/ApplicationServices.framework/Versions/A/Frameworks/ColorSync.framework/Versions/A/ColorSync
0x00000000012c7000 	/System/Library/Frameworks/ApplicationServices.framework/Versions/A/Frameworks/HIServices.framework/Versions/A/HIServices
0x00000000012c7000 	/System/Library/Frameworks/ApplicationServices.framework/Versions/A/Frameworks/LangAnalysis.framework/Versions/A/LangAnalysis
0x00000000012c7000 	/System/Library/Frameworks/ApplicationServices.framework/Versions/A/Frameworks/PrintCore.framework/Versions/A/PrintCore
0x00000000012c7000 	/System/Library/Frameworks/ApplicationServices.framework/Versions/A/Frameworks/QD.framework/Versions/A/QD
0x00000000012c7000 	/System/Library/Frameworks/ApplicationServices.framework/Versions/A/Frameworks/SpeechSynthesis.framework/Versions/A/SpeechSynthesis
0x00000000012c7000 	/System/Library/Frameworks/Accelerate.framework/Versions/A/Accelerate
0x00000000012c7000 	/System/Library/Frameworks/Accelerate.framework/Versions/A/Frameworks/vImage.framework/Versions/A/vImage
0x00000000012c7000 	/System/Library/Frameworks/Accelerate.framework/Versions/A/Frameworks/vecLib.framework/Versions/A/vecLib
0x00000000012c7000 	/System/Library/Frameworks/Accelerate.framework/Versions/A/Frameworks/vecLib.framework/Versions/A/libvDSP.dylib
0x00000000012c7000 	/System/Library/Frameworks/Accelerate.framework/Versions/A/Frameworks/vecLib.framework/Versions/A/libvMisc.dylib
0x00000000012c7000 	/System/Library/Frameworks/Accelerate.framework/Versions/A/Frameworks/vecLib.framework/Versions/A/libLAPACK.dylib
0x00000000012c7000 	/System/Library/Frameworks/Accelerate.framework/Versions/A/Frameworks/vecLib.framework/Versions/A/libBLAS.dylib
0x00000000012c7000 	/System/Library/Frameworks/Accelerate.framework/Versions/A/Frameworks/vecLib.framework/Versions/A/libLinearAlgebra.dylib
0x00000000012c7000 	/System/Library/Frameworks/ApplicationServices.framework/Versions/A/Frameworks/ATS.framework/Versions/A/Resources/libFontParser.dylib
0x00000000012c7000 	/System/Library/Frameworks/ApplicationServices.framework/Versions/A/Frameworks/ATS.framework/Versions/A/Resources/libFontRegistry.dylib
0x00000000012c7000 	/System/Library/PrivateFrameworks/AppleVPA.framework/Versions/A/AppleVPA
0x00000000012c7000 	/System/Library/PrivateFrameworks/AppleJPEG.framework/Versions/A/AppleJPEG
0x00000000012c7000 	/System/Library/Frameworks/ImageIO.framework/Versions/A/Resources/libJPEG.dylib
0x00000000012c7000 	/System/Library/Frameworks/ImageIO.framework/Versions/A/Resources/libTIFF.dylib
0x00000000012c7000 	/System/Library/Frameworks/ImageIO.framework/Versions/A/Resources/libPng.dylib
0x00000000012c7000 	/System/Library/Frameworks/ImageIO.framework/Versions/A/Resources/libGIF.dylib
0x00000000012c7000 	/System/Library/Frameworks/ImageIO.framework/Versions/A/Resources/libJP2.dylib
0x00000000012c7000 	/System/Library/Frameworks/ImageIO.framework/Versions/A/Resources/libRadiance.dylib
0x00000000012c7000 	/System/Library/Frameworks/CoreVideo.framework/Versions/A/CoreVideo
0x00000000012c7000 	/System/Library/Frameworks/OpenGL.framework/Versions/A/Libraries/libGLU.dylib
0x00000000012c7000 	/System/Library/Frameworks/OpenGL.framework/Versions/A/Libraries/libGFXShared.dylib
0x00000000012c7000 	/System/Library/Frameworks/OpenGL.framework/Versions/A/Libraries/libGL.dylib
0x00000000012c7000 	/System/Library/Frameworks/OpenGL.framework/Versions/A/Libraries/libGLImage.dylib
0x00000000012c7000 	/System/Library/Frameworks/OpenGL.framework/Versions/A/Libraries/libCVMSPluginSupport.dylib
0x00000000012c7000 	/System/Library/Frameworks/OpenGL.framework/Versions/A/Libraries/libCoreVMClient.dylib
0x00000000012c7000 	/usr/lib/libcups.2.dylib
0x00000000012c7000 	/System/Library/Frameworks/Kerberos.framework/Versions/A/Kerberos
0x00000000012c7000 	/System/Library/Frameworks/GSS.framework/Versions/A/GSS
0x00000000012c7000 	/usr/lib/libresolv.9.dylib
0x00000000012c7000 	/usr/lib/libiconv.2.dylib
0x00000000012c7000 	/System/Library/PrivateFrameworks/Heimdal.framework/Versions/A/Heimdal
0x00000000012c7000 	/usr/lib/libheimdal-asn1.dylib
0x00000000012c7000 	/System/Library/Frameworks/OpenDirectory.framework/Versions/A/OpenDirectory
0x00000000012c7000 	/System/Library/PrivateFrameworks/CommonAuth.framework/Versions/A/CommonAuth
0x00000000012c7000 	/System/Library/Frameworks/OpenDirectory.framework/Versions/A/Frameworks/CFOpenDirectory.framework/Versions/A/CFOpenDirectory
0x00000000012c7000 	/System/Library/Frameworks/SecurityFoundation.framework/Versions/A/SecurityFoundation
0x00000000012c7000 	/System/Library/PrivateFrameworks/LanguageModeling.framework/Versions/A/LanguageModeling
0x00000000012c7000 	/usr/lib/libcmph.dylib
0x00000000012c7000 	/System/Library/Frameworks/ServiceManagement.framework/Versions/A/ServiceManagement
0x00000000012c7000 	/usr/lib/libxslt.1.dylib
0x00000000012c7000 	/System/Library/Frameworks/Carbon.framework/Versions/A/Frameworks/Ink.framework/Versions/A/Ink
0x00000000012c7000 	/System/Library/Frameworks/QuartzCore.framework/Versions/A/Frameworks/CoreImage.framework/Versions/A/CoreImage
0x00000000012c7000 	/System/Library/PrivateFrameworks/CrashReporterSupport.framework/Versions/A/CrashReporterSupport
0x00000000012c7000 	/System/Library/Frameworks/OpenCL.framework/Versions/A/OpenCL
0x00000000012c7000 	/System/Library/PrivateFrameworks/FaceCore.framework/Versions/A/FaceCore
0x00000000012c7000 	/System/Library/PrivateFrameworks/Ubiquity.framework/Versions/A/Ubiquity
0x00000000012c7000 	/System/Library/PrivateFrameworks/IconServices.framework/Versions/A/IconServices
0x00000000012c7000 	/System/Library/PrivateFrameworks/ChunkingLibrary.framework/Versions/A/ChunkingLibrary
0x00000000012c7000 	/System/Library/PrivateFrameworks/Apple80211.framework/Versions/A/Apple80211
0x00000000012c7000 	/System/Library/Frameworks/CoreWLAN.framework/Versions/A/CoreWLAN
0x00000000012c7000 	/System/Library/Frameworks/IOBluetooth.framework/Versions/A/IOBluetooth
0x00000000012c7000 	/System/Library/PrivateFrameworks/CoreWiFi.framework/Versions/A/CoreWiFi
0x00000000012c7000 	/System/Library/Frameworks/CoreBluetooth.framework/Versions/A/CoreBluetooth
0x00000000012c7000 	/System/Library/PrivateFrameworks/DebugSymbols.framework/Versions/A/DebugSymbols
0x00000000012c7000 	/System/Library/PrivateFrameworks/CoreSymbolication.framework/Versions/A/CoreSymbolication
0x00000000012c7000 	/System/Library/PrivateFrameworks/Symbolication.framework/Versions/A/Symbolication
0x00000000012c7000 	/System/Library/PrivateFrameworks/SpeechRecognitionCore.framework/Versions/A/SpeechRecognitionCore
0x000000010c200000 	/Library/Java/JavaVirtualMachines/jdk1.8.0_31.jdk/Contents/Home/jre/lib/server/libjvm.dylib
0x00000000012c7000 	/usr/lib/libstdc++.6.dylib
0x000000010b93c000 	/Library/Java/JavaVirtualMachines/jdk1.8.0_31.jdk/Contents/Home/jre/lib/libverify.dylib
0x000000010b94a000 	/Library/Java/JavaVirtualMachines/jdk1.8.0_31.jdk/Contents/Home/jre/lib/libjava.dylib
0x000000010b988000 	/Library/Java/JavaVirtualMachines/jdk1.8.0_31.jdk/Contents/Home/jre/lib/libzip.dylib
0x0000000120b94000 	/System/Library/Frameworks/JavaVM.framework/Frameworks/JavaRuntimeSupport.framework/JavaRuntimeSupport
0x0000000120bac000 	/System/Library/Frameworks/JavaVM.framework/Versions/A/Frameworks/JavaNativeFoundation.framework/Versions/A/JavaNativeFoundation
0x0000000120bc1000 	/System/Library/Frameworks/JavaVM.framework/Versions/A/JavaVM
0x00000000012c7000 	/System/Library/Frameworks/Carbon.framework/Versions/A/Carbon
0x0000000120bce000 	/System/Library/PrivateFrameworks/JavaLaunching.framework/Versions/A/JavaLaunching
0x00000000012c7000 	/System/Library/Frameworks/Carbon.framework/Versions/A/Frameworks/CommonPanels.framework/Versions/A/CommonPanels
0x00000000012c7000 	/System/Library/Frameworks/Carbon.framework/Versions/A/Frameworks/Help.framework/Versions/A/Help
0x00000000012c7000 	/System/Library/Frameworks/Carbon.framework/Versions/A/Frameworks/ImageCapture.framework/Versions/A/ImageCapture
0x00000000012c7000 	/System/Library/Frameworks/Carbon.framework/Versions/A/Frameworks/OpenScripting.framework/Versions/A/OpenScripting
0x00000000012c7000 	/System/Library/Frameworks/Carbon.framework/Versions/A/Frameworks/Print.framework/Versions/A/Print
0x00000000012c7000 	/System/Library/Frameworks/Carbon.framework/Versions/A/Frameworks/SecurityHI.framework/Versions/A/SecurityHI

VM Arguments:
jvm_args: -Xmx1024M 
java_command: /Users/jin/Library/Android/sdk/build-tools/21.1.2/lib/dx.jar --dex --output /Users/jin/Manatree/InnovationBaker/build/intermediates/dex/test/debug --input-list=/Users/jin/Manatree/InnovationBaker/build/intermediates/tmp/dex/test/debug/inputList.txt
java_class_path (initial): /Users/jin/Library/Android/sdk/build-tools/21.1.2/lib/dx.jar
Launcher Type: SUN_STANDARD

Environment Variables:
PATH=/usr/bin:/bin:/usr/sbin:/sbin
SHELL=/bin/bash

Signal Handlers:
SIGSEGV: [libjvm.dylib+0x57a0e7], sa_mask[0]=11111111011111110111111111111111, sa_flags=SA_ONSTACK|SA_RESTART|SA_SIGINFO
SIGBUS: [libjvm.dylib+0x57a0e7], sa_mask[0]=11111111011111110111111111111111, sa_flags=SA_RESTART|SA_SIGINFO
SIGFPE: [libjvm.dylib+0x45af24], sa_mask[0]=11111111011111110111111111111111, sa_flags=SA_RESTART|SA_SIGINFO
SIGPIPE: [libjvm.dylib+0x45af24], sa_mask[0]=11111111011111110111111111111111, sa_flags=SA_RESTART|SA_SIGINFO
SIGXFSZ: [libjvm.dylib+0x45af24], sa_mask[0]=11111111011111110111111111111111, sa_flags=SA_RESTART|SA_SIGINFO
SIGILL: [libjvm.dylib+0x45af24], sa_mask[0]=11111111011111110111111111111111, sa_flags=SA_RESTART|SA_SIGINFO
SIGUSR1: SIG_DFL, sa_mask[0]=00000000000000000000000000000000, sa_flags=none
SIGUSR2: [libjvm.dylib+0x45aa42], sa_mask[0]=00100000000000000000000000000000, sa_flags=SA_RESTART|SA_SIGINFO
SIGHUP: [libjvm.dylib+0x459015], sa_mask[0]=11111111011111110111111111111111, sa_flags=SA_RESTART|SA_SIGINFO
SIGINT: [libjvm.dylib+0x459015], sa_mask[0]=11111111011111110111111111111111, sa_flags=SA_RESTART|SA_SIGINFO
SIGTERM: [libjvm.dylib+0x459015], sa_mask[0]=11111111011111110111111111111111, sa_flags=SA_RESTART|SA_SIGINFO
SIGQUIT: [libjvm.dylib+0x459015], sa_mask[0]=11111111011111110111111111111111, sa_flags=SA_RESTART|SA_SIGINFO


---------------  S Y S T E M  ---------------

OS:Bsduname:Darwin 14.1.0 Darwin Kernel Version 14.1.0: Thu Feb 26 19:26:47 PST 2015; root:xnu-2782.10.73~1/RELEASE_X86_64 x86_64
rlimit: STACK 8192k, CORE 0k, NPROC 709, NOFILE 10240, AS infinity
load average:7.90 4.86 3.74

CPU:total 4 (2 cores per cpu, 2 threads per core) family 6 model 69 stepping 1, cmov, cx8, fxsr, mmx, sse, sse2, sse3, ssse3, sse4.1, sse4.2, popcnt, avx, avx2, aes, clmul, erms, lzcnt, ht, tsc, tscinvbit, bmi1, bmi2

Memory: 4k page, physical 8388608k(168876k free)

/proc/meminfo:


vm_info: Java HotSpot(TM) 64-Bit Server VM (25.31-b07) for bsd-amd64 JRE (1.8.0_31-b13), built on Dec 17 2014 20:45:36 by "java_re" with gcc 4.2.1 (Based on Apple Inc. build 5658) (LLVM build 2336.11.00)

time: Sat Mar 14 01:22:57 2015
elapsed time: 92 seconds (0d 0h 1m 32s)

